<html>
<head>
<title>TestNG:  Default test</title>
<link href="../testng.css" rel="stylesheet" type="text/css" />
<link href="../my-testng.css" rel="stylesheet" type="text/css" />

<style type="text/css">
.log { display: none;} 
.stack-trace { display: none;} 
</style>
<script type="text/javascript">
<!--
function flip(e) {
  current = e.style.display;
  if (current == 'block') {
    e.style.display = 'none';
    return 0;
  }
  else {
    e.style.display = 'block';
    return 1;
  }
}

function toggleBox(szDivId, elem, msg1, msg2)
{
  var res = -1;  if (document.getElementById) {
    res = flip(document.getElementById(szDivId));
  }
  else if (document.all) {
    // this is the way old msie versions work
    res = flip(document.all[szDivId]);
  }
  if(elem) {
    if(res == 0) elem.innerHTML = msg1; else elem.innerHTML = msg2;
  }

}

function toggleAllBoxes() {
  if (document.getElementsByTagName) {
    d = document.getElementsByTagName('div');
    for (i = 0; i < d.length; i++) {
      if (d[i].className == 'log') {
        flip(d[i]);
      }
    }
  }
}

// -->
</script>

</head>
<body>
<h2 align='center'>Default test</h2><table border='1' align="center">
<tr>
<td>Tests passed/Failed/Skipped:</td><td>0/5/0</td>
</tr><tr>
<td>Started on:</td><td>Fri Dec 24 22:45:19 IST 2021</td>
</tr>
<tr><td>Total time:</td><td>2 seconds (2825 ms)</td>
</tr><tr>
<td>Included groups:</td><td></td>
</tr><tr>
<td>Excluded groups:</td><td></td>
</tr>
</table><p/>
<small><i>(Hover the method name to see the test class name)</i></small><p/>
<table width='100%' border='1' class='invocation-failed'>
<tr><td colspan='4' align='center'><b>FAILED TESTS</b></td></tr>
<tr><td><b>Test method</b></td>
<td width="30%"><b>Exception</b></td>
<td width="10%"><b>Time (seconds)</b></td>
<td><b>Instance</b></td>
</tr>
<tr>
<td title='testng.TestRunner.runScenario()'><b>runScenario</b><br>Test class: testng.TestRunner<br>Test method: Runs Cucumber Scenarios<br>Parameters: "Flight Ticket Booking", "Optional[FlyAway Ticket Booking]"</td>
<td><div><pre>java.lang.NullPointerException
	at steps.BookingClass.Booking(BookingClass.java:13)
	at steps.LoginSteps.user_has_loged_successfully_and_clicks_on_home(LoginSteps.java:108)
	at ?.user has loged successfully and clicks on home(file:///C:/Users/atgore/OneDrive%20-%20Cisco/Documents/Java_Prac/CapstoneBDD/src/test/resources/features/FlyAway.feature:47)
</pre></div><a href='#' onClick='toggleBox("stack-trace944348744", this, "Click to show all stack frames", "Click to hide stack frames")'>Click to show all stack frames</a>
<div class='stack-trace' id='stack-trace944348744'><pre>java.lang.NullPointerException
	at steps.BookingClass.Booking(BookingClass.java:13)
	at steps.LoginSteps.user_has_loged_successfully_and_clicks_on_home(LoginSteps.java:108)
	at ?.user has loged successfully and clicks on home(file:///C:/Users/atgore/OneDrive%20-%20Cisco/Documents/Java_Prac/CapstoneBDD/src/test/resources/features/FlyAway.feature:47)
</pre></div></td>
<td>0</td>
<td>testng.TestRunner@47987356</td></tr>
<tr>
<td title='testng.TestRunner.runScenario()'><b>runScenario</b><br>Test class: testng.TestRunner<br>Test method: Runs Cucumber Scenarios<br>Parameters: "User opens Home Page", "Optional[FlyAway Ticket Booking]"</td>
<td><div><pre>org.openqa.selenium.SessionNotCreatedException: session not created: This version of ChromeDriver only supports Chrome version 94
Current browser version is 96.0.4664.110 with binary path C:\Program Files\Google\Chrome\Application\chrome.exe
Build info: version: &apos;3.141.59&apos;, revision: &apos;e82be7d358&apos;, time: &apos;2018-11-14T08:17:03&apos;
System info: host: &apos;CSCO-W-PF2S3WPD&apos;, ip: &apos;192.168.0.4&apos;, os.name: &apos;Windows 10&apos;, os.arch: &apos;amd64&apos;, os.version: &apos;10.0&apos;, java.version: &apos;11.0.13&apos;
Driver info: driver.version: ChromeDriver
remote stacktrace: Backtrace:
	Ordinal0 [0x0028BDE3+2473443]
	Ordinal0 [0x00226661+2057825]
	Ordinal0 [0x00132438+1057848]
	Ordinal0 [0x0015054A+1181002]
	Ordinal0 [0x0014C435+1164341]
	Ordinal0 [0x00149CAF+1154223]
	Ordinal0 [0x00179ADF+1350367]
	Ordinal0 [0x0017974A+1349450]
	Ordinal0 [0x001755AB+1332651]
	Ordinal0 [0x00152104+1188100]
	Ordinal0 [0x00152F59+1191769]
	GetHandleVerifier [0x00412266+1549718]
	GetHandleVerifier [0x004BD4A7+2250711]
	GetHandleVerifier [0x0031718B+521403]
	GetHandleVerifier [0x00316229+517465]
	Ordinal0 [0x0022B79D+2078621]
	Ordinal0 [0x0022FB58+2095960]
	Ordinal0 [0x0022FC92+2096274]
	Ordinal0 [0x00239541+2135361]
	BaseThreadInitThunk [0x7728FA29+25]
	RtlGetAppContainerNamedObjectPath [0x776A7A9E+286]
	RtlGetAppContainerNamedObjectPath [0x776A7A6E+238]
	(No symbol) [0x00000000]

	at java.base/jdk.internal.reflect.NativeConstructorAccessorImpl.newInstance0(Native Method)
	at java.base/jdk.internal.reflect.NativeConstructorAccessorImpl.newInstance(NativeConstructorAccessorImpl.java:62)
	at java.base/jdk.internal.reflect.DelegatingConstructorAccessorImpl.newInstance(DelegatingConstructorAccessorImpl.java:45)
	at java.base/java.lang.reflect.Constructor.newInstance(Constructor.java:490)
	at org.openqa.selenium.remote.W3CHandshakeResponse.lambda$errorHandler$0(W3CHandshakeResponse.java:62)
	at org.openqa.selenium.remote.HandshakeResponse.lambda$getResponseFunction$0(HandshakeResponse.java:30)
	at org.openqa.selenium.remote.ProtocolHandshake.lambda$createSession$0(ProtocolHandshake.java:126)
	at java.base/java.util.stream.ReferencePipeline$3$1.accept(ReferencePipeline.java:195)
	at java.base/java.util.Spliterators$ArraySpliterator.tryAdvance(Spliterators.java:958)
	at java.base/java.util.stream.ReferencePipeline.forEachWithCancel(ReferencePipeline.java:127)
	at java.base/java.util.stream.AbstractPipeline.copyIntoWithCancel(AbstractPipeline.java:502)
	at java.base/java.util.stream.AbstractPipeline.copyInto(AbstractPipeline.java:488)
	at java.base/java.util.stream.AbstractPipeline.wrapAndCopyInto(AbstractPipeline.java:474)
	at java.base/java.util.stream.FindOps$FindOp.evaluateSequential(FindOps.java:150)
	at java.base/java.util.stream.AbstractPipeline.evaluate(AbstractPipeline.java:234)
	at java.base/java.util.stream.ReferencePipeline.findFirst(ReferencePipeline.java:543)
	at org.openqa.selenium.remote.ProtocolHandshake.createSession(ProtocolHandshake.java:128)
	at org.openqa.selenium.remote.ProtocolHandshake.createSession(ProtocolHandshake.java:74)
	at org.openqa.selenium.remote.HttpCommandExecutor.execute(HttpCommandExecutor.java:136)
	at org.openqa.selenium.remote.service.DriverCommandExecutor.execute(DriverCommandExecutor.java:83)
	at org.openqa.selenium.remote.RemoteWebDriver.execute(RemoteWebDriver.java:552)
	at org.openqa.selenium.remote.RemoteWebDriver.startSession(RemoteWebDriver.java:213)
	at org.openqa.selenium.remote.RemoteWebDriver.&lt;init&gt;(RemoteWebDriver.java:131)
	at org.openqa.selenium.chrome.ChromeDriver.&lt;init&gt;(ChromeDriver.java:181)
	at org.openqa.selenium.chrome.ChromeDriver.&lt;init&gt;(ChromeDriver.java:168)
	at org.openqa.selenium.chrome.ChromeDriver.&lt;init&gt;(ChromeDriver.java:123)
	at steps.LoginSteps.user_has_opened_application(LoginSteps.java:28)
	at ?.user has opened Application(file:///C:/Users/atgore/OneDrive%20-%20Cisco/Documents/Java_Prac/CapstoneBDD/src/test/resources/features/FlyAway.feature:26)
</pre></div><a href='#' onClick='toggleBox("stack-trace1932244589", this, "Click to show all stack frames", "Click to hide stack frames")'>Click to show all stack frames</a>
<div class='stack-trace' id='stack-trace1932244589'><pre>org.openqa.selenium.SessionNotCreatedException: session not created: This version of ChromeDriver only supports Chrome version 94
Current browser version is 96.0.4664.110 with binary path C:\Program Files\Google\Chrome\Application\chrome.exe
Build info: version: &apos;3.141.59&apos;, revision: &apos;e82be7d358&apos;, time: &apos;2018-11-14T08:17:03&apos;
System info: host: &apos;CSCO-W-PF2S3WPD&apos;, ip: &apos;192.168.0.4&apos;, os.name: &apos;Windows 10&apos;, os.arch: &apos;amd64&apos;, os.version: &apos;10.0&apos;, java.version: &apos;11.0.13&apos;
Driver info: driver.version: ChromeDriver
remote stacktrace: Backtrace:
	Ordinal0 [0x0028BDE3+2473443]
	Ordinal0 [0x00226661+2057825]
	Ordinal0 [0x00132438+1057848]
	Ordinal0 [0x0015054A+1181002]
	Ordinal0 [0x0014C435+1164341]
	Ordinal0 [0x00149CAF+1154223]
	Ordinal0 [0x00179ADF+1350367]
	Ordinal0 [0x0017974A+1349450]
	Ordinal0 [0x001755AB+1332651]
	Ordinal0 [0x00152104+1188100]
	Ordinal0 [0x00152F59+1191769]
	GetHandleVerifier [0x00412266+1549718]
	GetHandleVerifier [0x004BD4A7+2250711]
	GetHandleVerifier [0x0031718B+521403]
	GetHandleVerifier [0x00316229+517465]
	Ordinal0 [0x0022B79D+2078621]
	Ordinal0 [0x0022FB58+2095960]
	Ordinal0 [0x0022FC92+2096274]
	Ordinal0 [0x00239541+2135361]
	BaseThreadInitThunk [0x7728FA29+25]
	RtlGetAppContainerNamedObjectPath [0x776A7A9E+286]
	RtlGetAppContainerNamedObjectPath [0x776A7A6E+238]
	(No symbol) [0x00000000]

	at java.base/jdk.internal.reflect.NativeConstructorAccessorImpl.newInstance0(Native Method)
	at java.base/jdk.internal.reflect.NativeConstructorAccessorImpl.newInstance(NativeConstructorAccessorImpl.java:62)
	at java.base/jdk.internal.reflect.DelegatingConstructorAccessorImpl.newInstance(DelegatingConstructorAccessorImpl.java:45)
	at java.base/java.lang.reflect.Constructor.newInstance(Constructor.java:490)
	at org.openqa.selenium.remote.W3CHandshakeResponse.lambda$errorHandler$0(W3CHandshakeResponse.java:62)
	at org.openqa.selenium.remote.HandshakeResponse.lambda$getResponseFunction$0(HandshakeResponse.java:30)
	at org.openqa.selenium.remote.ProtocolHandshake.lambda$createSession$0(ProtocolHandshake.java:126)
	at java.base/java.util.stream.ReferencePipeline$3$1.accept(ReferencePipeline.java:195)
	at java.base/java.util.Spliterators$ArraySpliterator.tryAdvance(Spliterators.java:958)
	at java.base/java.util.stream.ReferencePipeline.forEachWithCancel(ReferencePipeline.java:127)
	at java.base/java.util.stream.AbstractPipeline.copyIntoWithCancel(AbstractPipeline.java:502)
	at java.base/java.util.stream.AbstractPipeline.copyInto(AbstractPipeline.java:488)
	at java.base/java.util.stream.AbstractPipeline.wrapAndCopyInto(AbstractPipeline.java:474)
	at java.base/java.util.stream.FindOps$FindOp.evaluateSequential(FindOps.java:150)
	at java.base/java.util.stream.AbstractPipeline.evaluate(AbstractPipeline.java:234)
	at java.base/java.util.stream.ReferencePipeline.findFirst(ReferencePipeline.java:543)
	at org.openqa.selenium.remote.ProtocolHandshake.createSession(ProtocolHandshake.java:128)
	at org.openqa.selenium.remote.ProtocolHandshake.createSession(ProtocolHandshake.java:74)
	at org.openqa.selenium.remote.HttpCommandExecutor.execute(HttpCommandExecutor.java:136)
	at org.openqa.selenium.remote.service.DriverCommandExecutor.execute(DriverCommandExecutor.java:83)
	at org.openqa.selenium.remote.RemoteWebDriver.execute(RemoteWebDriver.java:552)
	at org.openqa.selenium.remote.RemoteWebDriver.startSession(RemoteWebDriver.java:213)
	at org.openqa.selenium.remote.RemoteWebDriver.&lt;init&gt;(RemoteWebDriver.java:131)
	at org.openqa.selenium.chrome.ChromeDriver.&lt;init&gt;(ChromeDriver.java:181)
	at org.openqa.selenium.chrome.ChromeDriver.&lt;init&gt;(ChromeDriver.java:168)
	at org.openqa.selenium.chrome.ChromeDriver.&lt;init&gt;(ChromeDriver.java:123)
	at steps.LoginSteps.user_has_opened_application(LoginSteps.java:28)
	at ?.user has opened Application(file:///C:/Users/atgore/OneDrive%20-%20Cisco/Documents/Java_Prac/CapstoneBDD/src/test/resources/features/FlyAway.feature:26)
</pre></div></td>
<td>2</td>
<td>testng.TestRunner@47987356</td></tr>
<tr>
<td title='testng.TestRunner.runScenario()'><b>runScenario</b><br>Test class: testng.TestRunner<br>Test method: Runs Cucumber Scenarios<br>Parameters: "User Registration", "Optional[FlyAway Ticket Booking]"</td>
<td><div><pre>java.lang.NullPointerException
	at steps.SignupClass.SignUp(SignupClass.java:16)
	at steps.LoginSteps.user_has_opened_login_page(LoginSteps.java:51)
	at ?.user has opened login page(file:///C:/Users/atgore/OneDrive%20-%20Cisco/Documents/Java_Prac/CapstoneBDD/src/test/resources/features/FlyAway.feature:33)
</pre></div><a href='#' onClick='toggleBox("stack-trace106113013", this, "Click to show all stack frames", "Click to hide stack frames")'>Click to show all stack frames</a>
<div class='stack-trace' id='stack-trace106113013'><pre>java.lang.NullPointerException
	at steps.SignupClass.SignUp(SignupClass.java:16)
	at steps.LoginSteps.user_has_opened_login_page(LoginSteps.java:51)
	at ?.user has opened login page(file:///C:/Users/atgore/OneDrive%20-%20Cisco/Documents/Java_Prac/CapstoneBDD/src/test/resources/features/FlyAway.feature:33)
</pre></div></td>
<td>0</td>
<td>testng.TestRunner@47987356</td></tr>
<tr>
<td title='testng.TestRunner.runScenario()'><b>runScenario</b><br>Test class: testng.TestRunner<br>Test method: Runs Cucumber Scenarios<br>Parameters: "Login Page", "Optional[FlyAway Ticket Booking]"</td>
<td><div><pre>java.lang.NullPointerException
	at steps.LoginClass.Login(LoginClass.java:14)
	at steps.LoginSteps.user_opened_login_page_and_enter_details(LoginSteps.java:89)
	at ?.user opened login page and enter details(file:///C:/Users/atgore/OneDrive%20-%20Cisco/Documents/Java_Prac/CapstoneBDD/src/test/resources/features/FlyAway.feature:40)
</pre></div><a href='#' onClick='toggleBox("stack-trace1832284192", this, "Click to show all stack frames", "Click to hide stack frames")'>Click to show all stack frames</a>
<div class='stack-trace' id='stack-trace1832284192'><pre>java.lang.NullPointerException
	at steps.LoginClass.Login(LoginClass.java:14)
	at steps.LoginSteps.user_opened_login_page_and_enter_details(LoginSteps.java:89)
	at ?.user opened login page and enter details(file:///C:/Users/atgore/OneDrive%20-%20Cisco/Documents/Java_Prac/CapstoneBDD/src/test/resources/features/FlyAway.feature:40)
</pre></div></td>
<td>0</td>
<td>testng.TestRunner@47987356</td></tr>
<tr>
<td title='testng.TestRunner.runScenario()'><b>runScenario</b><br>Test class: testng.TestRunner<br>Test method: Runs Cucumber Scenarios<br>Parameters: "View Booking Status", "Optional[FlyAway Ticket Booking]"</td>
<td><div><pre>java.lang.NullPointerException
	at steps.ViewBookings.Views(ViewBookings.java:16)
	at steps.LoginSteps.user_complete_booking(LoginSteps.java:132)
	at ?.user complete booking(file:///C:/Users/atgore/OneDrive%20-%20Cisco/Documents/Java_Prac/CapstoneBDD/src/test/resources/features/FlyAway.feature:54)
</pre></div><a href='#' onClick='toggleBox("stack-trace397309480", this, "Click to show all stack frames", "Click to hide stack frames")'>Click to show all stack frames</a>
<div class='stack-trace' id='stack-trace397309480'><pre>java.lang.NullPointerException
	at steps.ViewBookings.Views(ViewBookings.java:16)
	at steps.LoginSteps.user_complete_booking(LoginSteps.java:132)
	at ?.user complete booking(file:///C:/Users/atgore/OneDrive%20-%20Cisco/Documents/Java_Prac/CapstoneBDD/src/test/resources/features/FlyAway.feature:54)
</pre></div></td>
<td>0</td>
<td>testng.TestRunner@47987356</td></tr>
</table><p>
</body>
</html>